0 info it worked if it ends with ok
1 verbose cli [ '/Users/rsstdd/.nvm/versions/node/v6.10.0/bin/node',
1 verbose cli   '/Users/rsstdd/.nvm/versions/node/v6.10.0/bin/npm',
1 verbose cli   'run',
1 verbose cli   'heroku-postbuild',
1 verbose cli   'knex',
1 verbose cli   '--knexfile=./api/knex/knexfile.js',
1 verbose cli   'migrate:latest' ]
2 info using npm@3.10.10
3 info using node@v6.10.0
4 verbose run-script [ 'preheroku-postbuild',
4 verbose run-script   'heroku-postbuild',
4 verbose run-script   'postheroku-postbuild' ]
5 info lifecycle react-color-api@1.0.0~preheroku-postbuild: react-color-api@1.0.0
6 silly lifecycle react-color-api@1.0.0~preheroku-postbuild: no script for preheroku-postbuild, continuing
7 info lifecycle react-color-api@1.0.0~heroku-postbuild: react-color-api@1.0.0
8 verbose lifecycle react-color-api@1.0.0~heroku-postbuild: unsafe-perm in lifecycle true
9 verbose lifecycle react-color-api@1.0.0~heroku-postbuild: PATH: /Users/rsstdd/.nvm/versions/node/v6.10.0/lib/node_modules/npm/bin/node-gyp-bin:/Users/rsstdd/Projects/challenge/helpful-human/react-color-api/node_modules/.bin:/Users/rsstdd/.rvm/gems/ruby-2.3.3/bin:/Users/rsstdd/.rvm/gems/ruby-2.3.3@global/bin:/Users/rsstdd/.rvm/rubies/ruby-2.3.3/bin:/Users/rsstdd/google-cloud-sdk/bin:/usr/local/opt/openssl/bin:/Users/rsstdd/.nvm/versions/node/v6.10.0/bin:/Users/rsstdd/.cargo/bin:/Users/rsstdd/bin:/usr/local/bin:/Users/rsstdd/.cargo/bin:/usr/local/bin:/usr/bin:/bin:/usr/sbin:/sbin:RUST_SRC_PATH=/usr/local/bin/rustc:/usr/local/share/dotnet:/Users/rsstdd/usr/local/bin:/Users/rsstdd/usr/bin:/Users/rsstdd/bin:/Users/rsstdd/user/sbin:/Users/rsstdd/sbin:/Users/rsstdd/.local/bin:/Users/rsstdd/.gem/ruby/2.0.0/bin:/Users/rsstdd/usr/local/share/dotnet/dotnet:/Users/rsstdd/Users/rsstdd/.cargo/bin/rustc:/Users/rsstdd/.rvm/bin
10 verbose lifecycle react-color-api@1.0.0~heroku-postbuild: CWD: /Users/rsstdd/Projects/challenge/helpful-human/react-color-api
11 silly lifecycle react-color-api@1.0.0~heroku-postbuild: Args: [ '-c', 'knex migrate:latest "knex" "migrate:latest"' ]
12 silly lifecycle react-color-api@1.0.0~heroku-postbuild: Returned: code: 1  signal: null
13 info lifecycle react-color-api@1.0.0~heroku-postbuild: Failed to exec heroku-postbuild script
14 verbose stack Error: react-color-api@1.0.0 heroku-postbuild: `knex migrate:latest "knex" "migrate:latest"`
14 verbose stack Exit status 1
14 verbose stack     at EventEmitter.<anonymous> (/Users/rsstdd/.nvm/versions/node/v6.10.0/lib/node_modules/npm/lib/utils/lifecycle.js:255:16)
14 verbose stack     at emitTwo (events.js:106:13)
14 verbose stack     at EventEmitter.emit (events.js:191:7)
14 verbose stack     at ChildProcess.<anonymous> (/Users/rsstdd/.nvm/versions/node/v6.10.0/lib/node_modules/npm/lib/utils/spawn.js:40:14)
14 verbose stack     at emitTwo (events.js:106:13)
14 verbose stack     at ChildProcess.emit (events.js:191:7)
14 verbose stack     at maybeClose (internal/child_process.js:877:16)
14 verbose stack     at Process.ChildProcess._handle.onexit (internal/child_process.js:226:5)
15 verbose pkgid react-color-api@1.0.0
16 verbose cwd /Users/rsstdd/Projects/challenge/helpful-human/react-color-api
17 error Darwin 16.7.0
18 error argv "/Users/rsstdd/.nvm/versions/node/v6.10.0/bin/node" "/Users/rsstdd/.nvm/versions/node/v6.10.0/bin/npm" "run" "heroku-postbuild" "knex" "--knexfile=./api/knex/knexfile.js" "migrate:latest"
19 error node v6.10.0
20 error npm  v3.10.10
21 error code ELIFECYCLE
22 error react-color-api@1.0.0 heroku-postbuild: `knex migrate:latest "knex" "migrate:latest"`
22 error Exit status 1
23 error Failed at the react-color-api@1.0.0 heroku-postbuild script 'knex migrate:latest "knex" "migrate:latest"'.
23 error Make sure you have the latest version of node.js and npm installed.
23 error If you do, this is most likely a problem with the react-color-api package,
23 error not with npm itself.
23 error Tell the author that this fails on your system:
23 error     knex migrate:latest "knex" "migrate:latest"
23 error You can get information on how to open an issue for this project with:
23 error     npm bugs react-color-api
23 error Or if that isn't available, you can get their info via:
23 error     npm owner ls react-color-api
23 error There is likely additional logging output above.
24 verbose exit [ 1, true ]
